[debug] [2022-01-13T11:37:45.094Z] ----------------------------------------------------------------------
[debug] [2022-01-13T11:37:45.096Z] Command:       C:\Program Files\nodejs\node.exe C:\Users\a0921\AppData\Roaming\npm\node_modules\firebase-tools\lib\bin\firebase.js ext:install firebase/firestore-send-email --project=shunjhin-20f67
[debug] [2022-01-13T11:37:45.096Z] CLI Version:   10.1.0
[debug] [2022-01-13T11:37:45.096Z] Platform:      win32
[debug] [2022-01-13T11:37:45.097Z] Node Version:  v14.18.1
[debug] [2022-01-13T11:37:45.097Z] Time:          Thu Jan 13 2022 19:37:45 GMT+0800 (台北標準時間)
[debug] [2022-01-13T11:37:45.097Z] ----------------------------------------------------------------------
[debug] 
[debug] [2022-01-13T11:37:45.099Z] >>> [apiv2][query] GET https://firebase-public.firebaseio.com/cli.json [none]
[debug] [2022-01-13T11:37:45.120Z] > command requires scopes: ["email","openid","https://www.googleapis.com/auth/cloudplatformprojects.readonly","https://www.googleapis.com/auth/firebase","https://www.googleapis.com/auth/cloud-platform"]
[debug] [2022-01-13T11:37:45.120Z] > authorizing via signed-in user (a0921342997@gmail.com)
[debug] [2022-01-13T11:37:45.120Z] [iam] checking project shunjhin-20f67 for permissions ["firebase.projects.get","firebaseextensions.instances.create"]
[debug] [2022-01-13T11:37:45.122Z] > refreshing access token with scopes: ["email","https://www.googleapis.com/auth/cloud-platform","https://www.googleapis.com/auth/cloudplatformprojects.readonly","https://www.googleapis.com/auth/firebase","openid"]
[debug] [2022-01-13T11:37:45.122Z] >>> HTTP REQUEST POST https://www.googleapis.com/oauth2/v3/token  
 <request body omitted>
[debug] [2022-01-13T11:37:45.242Z] <<< HTTP RESPONSE 200 {"date":"Thu, 13 Jan 2022 11:37:47 GMT","cache-control":"no-cache, no-store, max-age=0, must-revalidate","expires":"Mon, 01 Jan 1990 00:00:00 GMT","pragma":"no-cache","content-type":"application/json; charset=utf-8","vary":"X-Origin, Referer, Origin,Accept-Encoding","server":"scaffolding on HTTPServer2","x-xss-protection":"0","x-frame-options":"SAMEORIGIN","x-content-type-options":"nosniff","alt-svc":"h3=\":443\"; ma=2592000,h3-29=\":443\"; ma=2592000,h3-Q050=\":443\"; ma=2592000,h3-Q046=\":443\"; ma=2592000,h3-Q043=\":443\"; ma=2592000,quic=\":443\"; ma=2592000; v=\"46,43\"","accept-ranges":"none","transfer-encoding":"chunked"}
[debug] [2022-01-13T11:37:45.251Z] >>> HTTP REQUEST POST https://cloudresourcemanager.googleapis.com/v1/projects/shunjhin-20f67:testIamPermissions  
 {"permissions":["firebase.projects.get","firebaseextensions.instances.create"]}
[debug] [2022-01-13T11:37:45.485Z] <<< HTTP RESPONSE 200 {"content-type":"application/json; charset=UTF-8","vary":"X-Origin, Referer, Origin,Accept-Encoding","date":"Thu, 13 Jan 2022 11:37:47 GMT","server":"ESF","cache-control":"private","x-xss-protection":"0","x-frame-options":"SAMEORIGIN","x-content-type-options":"nosniff","server-timing":"gfet4t7; dur=161","alt-svc":"h3=\":443\"; ma=2592000,h3-29=\":443\"; ma=2592000,h3-Q050=\":443\"; ma=2592000,h3-Q046=\":443\"; ma=2592000,h3-Q043=\":443\"; ma=2592000,quic=\":443\"; ma=2592000; v=\"46,43\"","accept-ranges":"none","transfer-encoding":"chunked"}
[info] i  extensions: ensuring required API firebaseextensions.googleapis.com is enabled... 
[debug] [2022-01-13T11:37:45.487Z] > refreshing access token with scopes: []
[debug] [2022-01-13T11:37:45.487Z] >>> HTTP REQUEST POST https://www.googleapis.com/oauth2/v3/token  
 <request body omitted>
[debug] [2022-01-13T11:37:45.563Z] <<< HTTP RESPONSE 200 {"cache-control":"no-cache, no-store, max-age=0, must-revalidate","date":"Thu, 13 Jan 2022 11:37:47 GMT","expires":"Mon, 01 Jan 1990 00:00:00 GMT","pragma":"no-cache","content-type":"application/json; charset=utf-8","vary":"X-Origin, Referer, Origin,Accept-Encoding","server":"scaffolding on HTTPServer2","x-xss-protection":"0","x-frame-options":"SAMEORIGIN","x-content-type-options":"nosniff","alt-svc":"h3=\":443\"; ma=2592000,h3-29=\":443\"; ma=2592000,h3-Q050=\":443\"; ma=2592000,h3-Q046=\":443\"; ma=2592000,h3-Q043=\":443\"; ma=2592000,quic=\":443\"; ma=2592000; v=\"46,43\"","accept-ranges":"none","transfer-encoding":"chunked"}
[debug] [2022-01-13T11:37:45.567Z] >>> [apiv2][query] GET https://serviceusage.googleapis.com/v1/projects/shunjhin-20f67/services/firebaseextensions.googleapis.com [none]
[debug] [2022-01-13T11:37:45.668Z] <<< [apiv2][status] GET https://firebase-public.firebaseio.com/cli.json 200
[debug] [2022-01-13T11:37:45.669Z] <<< [apiv2][body] GET https://firebase-public.firebaseio.com/cli.json {"cloudBuildErrorAfter":1594252800000,"cloudBuildWarnAfter":1590019200000,"defaultNode10After":1594252800000,"minVersion":"3.0.5","node8DeploysDisabledAfter":1613390400000,"node8RuntimeDisabledAfter":1615809600000,"node8WarnAfter":1600128000000}
[debug] [2022-01-13T11:37:46.726Z] <<< [apiv2][status] GET https://serviceusage.googleapis.com/v1/projects/shunjhin-20f67/services/firebaseextensions.googleapis.com 200
[debug] [2022-01-13T11:37:46.726Z] <<< [apiv2][body] GET https://serviceusage.googleapis.com/v1/projects/shunjhin-20f67/services/firebaseextensions.googleapis.com {"name":"projects/409906518299/services/firebaseextensions.googleapis.com","config":{"name":"firebaseextensions.googleapis.com","title":"Firebase Extensions API","apis":[{"name":"google.discovery.Discovery","methods":[{"name":"GetDiscovery"},{"name":"GetDiscoveryRest"}],"version":"v1"},{"name":"google.firebase.extensions.v1beta.ExtensionsService","methods":[{"name":"GetExtensionSource"},{"name":"CreateExtensionSource"},{"name":"GetExtensionInstance"},{"name":"ListExtensionInstances"},{"name":"CreateExtensionInstance"},{"name":"UpdateExtensionInstance"},{"name":"DeleteExtensionInstance"},{"name":"PublishExtensionVersion"},{"name":"DeleteExtension"},{"name":"DeleteExtensionVersion"},{"name":"UnpublishExtension"},{"name":"UnpublishExtensionVersion"},{"name":"DeprecateExtensionVersion"},{"name":"UndeprecateExtensionVersion"},{"name":"GetExtension"},{"name":"BatchGetExtensions"},{"name":"GetExtensionVersion"},{"name":"ListExtensions"},{"name":"ListExtensionVersions"},{"name":"RegisterPublisherProfile"},{"name":"GetPublisherProfile"},{"name":"GetOperation"}],"version":"v1beta"}],"documentation":{},"quota":{},"authentication":{"rules":[{"oauth":{"canonicalScopes":"https://www.googleapis.com/auth/firebase,https://www.googleapis.com/auth/cloud-platform,https://www.googleapis.com/auth/firebase.readonly"}},{"oauth":{"canonicalScopes":"https://www.googleapis.com/auth/firebase,https://www.googleapis.com/auth/cloud-platform"}},{"oauth":{"canonicalScopes":"https://www.googleapis.com/auth/firebase,https://www.googleapis.com/auth/cloud-platform,https://www.googleapis.com/auth/firebase.readonly"}},{"oauth":{"canonicalScopes":"https://www.googleapis.com/auth/firebase,https://www.googleapis.com/auth/cloud-platform,https://www.googleapis.com/auth/firebase.readonly"}},{"oauth":{"canonicalScopes":"https://www.googleapis.com/auth/firebase,https://www.googleapis.com/auth/cloud-platform"}},{"oauth":{"canonicalScopes":"https://www.googleapis.com/auth/firebase,https://www.googleapis.com/auth/cloud-platform"}},{"oauth":{"canonicalScopes":"https://www.googleapis.com/auth/firebase,https://www.googleapis.com/auth/cloud-platform"}},{"oauth":{"canonicalScopes":"https://www.googleapis.com/auth/firebase,https://www.googleapis.com/auth/cloud-platform"}},{"oauth":{"canonicalScopes":"https://www.googleapis.com/auth/firebase,https://www.googleapis.com/auth/cloud-platform"}},{"oauth":{"canonicalScopes":"https://www.googleapis.com/auth/firebase,https://www.googleapis.com/auth/cloud-platform"}},{"oauth":{"canonicalScopes":"https://www.googleapis.com/auth/firebase,https://www.googleapis.com/auth/cloud-platform"}},{"oauth":{"canonicalScopes":"https://www.googleapis.com/auth/firebase,https://www.googleapis.com/auth/cloud-platform"}},{"oauth":{"canonicalScopes":"https://www.googleapis.com/auth/firebase,https://www.googleapis.com/auth/cloud-platform"}},{"oauth":{"canonicalScopes":"https://www.googleapis.com/auth/firebase,https://www.googleapis.com/auth/cloud-platform,https://www.googleapis.com/auth/firebase.readonly"}},{"oauth":{"canonicalScopes":"https://www.googleapis.com/auth/firebase,https://www.googleapis.com/auth/cloud-platform,https://www.googleapis.com/auth/firebase.readonly"}},{"oauth":{"canonicalScopes":"https://www.googleapis.com/auth/firebase,https://www.googleapis.com/auth/cloud-platform,https://www.googleapis.com/auth/firebase.readonly"}},{"oauth":{"canonicalScopes":"https://www.googleapis.com/auth/firebase,https://www.googleapis.com/auth/cloud-platform,https://www.googleapis.com/auth/firebase.readonly"}},{"oauth":{"canonicalScopes":"https://www.googleapis.com/auth/firebase,https://www.googleapis.com/auth/cloud-platform,https://www.googleapis.com/auth/firebase.readonly"}},{"oauth":{"canonicalScopes":"https://www.googleapis.com/auth/firebase,https://www.googleapis.com/auth/cloud-platform"}},{"oauth":{"canonicalScopes":"https://www.googleapis.com/auth/firebase,https://www.googleapis.com/auth/cloud-platform,https://www.googleapis.com/auth/firebase.readonly"}},{"oauth":{"canonicalScopes":"https://www.googleapis.com/auth/firebase,https://www.googleapis.com/auth/cloud-platform,https://www.googleapis.com/auth/firebase.readonly"}}]},"usage":{"requirements":["serviceusage.googleapis.com/tos/universal"]},"endpoints":[{"name":"firebaseextensions.googleapis.com"},{"name":"firebaseextensions.clients6.google.com"},{"name":"content-firebaseextensions.googleapis.com"},{"name":"firebaseextensions.mtls.googleapis.com"},{"name":"firebaseextensions.mtls.clients6.google.com"},{"name":"content-firebaseextensions.mtls.googleapis.com"}],"monitoredResources":[{"type":"firebaseextensions.googleapis.com/ExtensionVersion","displayName":"Firebase Extension Version","description":"A published version of a Firebase extension.","labels":[{"key":"resource_container","description":"The GCP project number used to publish the extension."},{"key":"location","description":"Location of the published Firebase extension version (always set to \"global\")."},{"key":"publisher","description":"The publisher of the published extension."},{"key":"extension","description":"The name of the published extension."},{"key":"version","description":"The version of the published extension."}],"launchStage":"EARLY_ACCESS"}],"monitoring":{"consumerDestinations":[{"monitoredResource":"firebaseextensions.googleapis.com/ExtensionVersion","metrics":["firebaseextensions.googleapis.com/extension/version/active_instances","firebaseextensions.googleapis.com/extension/version/operation_count","firebaseextensions.googleapis.com/internal/extension/version/active_instances"]}]}},"state":"ENABLED","parent":"projects/409906518299"}
[info] +  extensions: required API firebaseextensions.googleapis.com is enabled 
[debug] [2022-01-13T11:37:46.729Z] > refreshing access token with scopes: ["email","https://www.googleapis.com/auth/cloud-platform","https://www.googleapis.com/auth/cloudplatformprojects.readonly","https://www.googleapis.com/auth/firebase","openid"]
[debug] [2022-01-13T11:37:46.729Z] >>> HTTP REQUEST POST https://www.googleapis.com/oauth2/v3/token  
 <request body omitted>
[debug] [2022-01-13T11:37:46.818Z] <<< HTTP RESPONSE 200 {"pragma":"no-cache","date":"Thu, 13 Jan 2022 11:37:48 GMT","expires":"Mon, 01 Jan 1990 00:00:00 GMT","cache-control":"no-cache, no-store, max-age=0, must-revalidate","content-type":"application/json; charset=utf-8","vary":"X-Origin, Referer, Origin,Accept-Encoding","server":"scaffolding on HTTPServer2","x-xss-protection":"0","x-frame-options":"SAMEORIGIN","x-content-type-options":"nosniff","alt-svc":"h3=\":443\"; ma=2592000,h3-29=\":443\"; ma=2592000,h3-Q050=\":443\"; ma=2592000,h3-Q046=\":443\"; ma=2592000,h3-Q043=\":443\"; ma=2592000,quic=\":443\"; ma=2592000; v=\"46,43\"","accept-ranges":"none","transfer-encoding":"chunked"}
[debug] [2022-01-13T11:37:46.825Z] >>> HTTP REQUEST GET https://firebaseextensions.googleapis.com/v1beta/publishers/firebase/extensions/firestore-send-email  
 
[debug] [2022-01-13T11:37:47.722Z] <<< HTTP RESPONSE 200 {"content-type":"application/json; charset=UTF-8","vary":"X-Origin, Referer, Origin,Accept-Encoding","date":"Thu, 13 Jan 2022 11:37:49 GMT","server":"ESF","cache-control":"private","x-xss-protection":"0","x-frame-options":"SAMEORIGIN","x-content-type-options":"nosniff","alt-svc":"h3=\":443\"; ma=2592000,h3-29=\":443\"; ma=2592000,h3-Q050=\":443\"; ma=2592000,h3-Q046=\":443\"; ma=2592000,h3-Q043=\":443\"; ma=2592000,quic=\":443\"; ma=2592000; v=\"46,43\"","accept-ranges":"none","transfer-encoding":"chunked"}
[debug] [2022-01-13T11:37:47.724Z] >>> HTTP REQUEST GET https://firebaseextensions.googleapis.com/v1beta/publishers/firebase/extensions/firestore-send-email/versions/latest  
 
[debug] [2022-01-13T11:37:48.678Z] <<< HTTP RESPONSE 200 {"content-type":"application/json; charset=UTF-8","vary":"X-Origin, Referer, Origin,Accept-Encoding","date":"Thu, 13 Jan 2022 11:37:50 GMT","server":"ESF","cache-control":"private","x-xss-protection":"0","x-frame-options":"SAMEORIGIN","x-content-type-options":"nosniff","alt-svc":"h3=\":443\"; ma=2592000,h3-29=\":443\"; ma=2592000,h3-Q050=\":443\"; ma=2592000,h3-Q046=\":443\"; ma=2592000,h3-Q043=\":443\"; ma=2592000,quic=\":443\"; ma=2592000; v=\"46,43\"","accept-ranges":"none","transfer-encoding":"chunked"}
[info] i  extensions: information about 'firebase/firestore-send-email@latest': 
[info] Name: Trigger Email
Publisher: firebase
Description: Composes and sends an email based on the contents of a document written to a specified Cloud Firestore collection.
License: Apache-2.0
Source code: https://github.com/firebase/extensions/tree/master/firestore-send-email

[debug] [2022-01-13T11:37:48.688Z] >>> HTTP REQUEST GET https://extensions-registry.firebaseapp.com/extensions.json  
 
[debug] [2022-01-13T11:37:48.857Z] <<< HTTP RESPONSE 200 {"connection":"keep-alive","content-length":"3833","access-control-allow-origin":"*","cache-control":"max-age=3600","content-type":"application/json","etag":"\"3fcec25b062b8fd3c3b0163e3001c7fdfd8bb77883b9cfb9d21f08e8ca6b6999\"","last-modified":"Wed, 15 Dec 2021 21:01:45 GMT","strict-transport-security":"max-age=31556926; includeSubDomains; preload","accept-ranges":"bytes","date":"Thu, 13 Jan 2022 11:37:50 GMT","x-served-by":"cache-tyo11920-TYO","x-cache":"HIT","x-cache-hits":"1","x-timer":"S1642073871.653101,VS0,VE1","vary":"x-fh-requested-host, accept-encoding"}
[debug] [2022-01-13T11:38:11.923Z] >>> HTTP REQUEST GET https://cloudbilling.googleapis.com/v1/projects/shunjhin-20f67/billingInfo  
 
[debug] [2022-01-13T11:38:13.011Z] <<< HTTP RESPONSE 200 {"content-type":"application/json; charset=UTF-8","vary":"X-Origin, Referer, Origin,Accept-Encoding","date":"Thu, 13 Jan 2022 11:38:14 GMT","server":"ESF","cache-control":"private","x-xss-protection":"0","x-frame-options":"SAMEORIGIN","x-content-type-options":"nosniff","alt-svc":"h3=\":443\"; ma=2592000,h3-29=\":443\"; ma=2592000,h3-Q050=\":443\"; ma=2592000,h3-Q046=\":443\"; ma=2592000,h3-Q043=\":443\"; ma=2592000,quic=\":443\"; ma=2592000; v=\"46,43\"","accept-ranges":"none","transfer-encoding":"chunked"}
[debug] [2022-01-13T11:38:13.011Z] >>> HTTP REQUEST GET https://cloudbilling.googleapis.com/v1/billingAccounts  
 
[debug] [2022-01-13T11:38:14.126Z] <<< HTTP RESPONSE 200 {"content-type":"application/json; charset=UTF-8","vary":"X-Origin, Referer, Origin,Accept-Encoding","date":"Thu, 13 Jan 2022 11:38:15 GMT","server":"ESF","cache-control":"private","x-xss-protection":"0","x-frame-options":"SAMEORIGIN","x-content-type-options":"nosniff","alt-svc":"h3=\":443\"; ma=2592000,h3-29=\":443\"; ma=2592000,h3-Q050=\":443\"; ma=2592000,h3-Q046=\":443\"; ma=2592000,h3-Q043=\":443\"; ma=2592000,quic=\":443\"; ma=2592000; v=\"46,43\"","accept-ranges":"none","transfer-encoding":"chunked"}
[debug] [2022-01-13T11:38:20.865Z] >>> HTTP REQUEST PUT https://cloudbilling.googleapis.com/v1/projects/shunjhin-20f67/billingInfo  
 {"billingAccountName":"billingAccounts/01C606-CB138D-74B880"}
[debug] [2022-01-13T11:38:22.135Z] <<< HTTP RESPONSE 200 {"content-type":"application/json; charset=UTF-8","vary":"X-Origin, Referer, Origin,Accept-Encoding","date":"Thu, 13 Jan 2022 11:38:23 GMT","server":"ESF","cache-control":"private","x-xss-protection":"0","x-frame-options":"SAMEORIGIN","x-content-type-options":"nosniff","alt-svc":"h3=\":443\"; ma=2592000,h3-29=\":443\"; ma=2592000,h3-Q050=\":443\"; ma=2592000,h3-Q046=\":443\"; ma=2592000,h3-Q043=\":443\"; ma=2592000,quic=\":443\"; ma=2592000; v=\"46,43\"","accept-ranges":"none","transfer-encoding":"chunked"}
[info] +  extensions: shunjhin-20f67 has successfully been upgraded. 
[debug] [2022-01-13T11:38:22.136Z] >>> HTTP REQUEST GET https://iam.googleapis.com/v1/roles/datastore.user  
 
[debug] [2022-01-13T11:38:23.351Z] <<< HTTP RESPONSE 200 {"content-type":"application/json; charset=UTF-8","vary":"X-Origin, Referer, Origin,Accept-Encoding","date":"Thu, 13 Jan 2022 11:38:25 GMT","server":"ESF","cache-control":"private","x-xss-protection":"0","x-frame-options":"SAMEORIGIN","x-content-type-options":"nosniff","alt-svc":"h3=\":443\"; ma=2592000,h3-29=\":443\"; ma=2592000,h3-Q050=\":443\"; ma=2592000,h3-Q046=\":443\"; ma=2592000,h3-Q043=\":443\"; ma=2592000,quic=\":443\"; ma=2592000; v=\"46,43\"","accept-ranges":"none","transfer-encoding":"chunked"}
[info] i  extensions: Trigger Email will be granted the following access to project shunjhin-20f67
- Cloud Datastore User (Provides read/write access to data in a Cloud Datastore database. Intended for application developers and service accounts.) 
[debug] [2022-01-13T11:38:40.736Z] >>> HTTP REQUEST GET https://firebaseextensions.googleapis.com/v1beta/projects/shunjhin-20f67/instances/firestore-send-email  
 
[debug] [2022-01-13T11:38:41.853Z] <<< HTTP RESPONSE 404 {"vary":"X-Origin, Referer, Origin,Accept-Encoding","content-type":"application/json; charset=UTF-8","date":"Thu, 13 Jan 2022 11:38:43 GMT","server":"ESF","cache-control":"private","x-xss-protection":"0","x-frame-options":"SAMEORIGIN","x-content-type-options":"nosniff","alt-svc":"h3=\":443\"; ma=2592000,h3-29=\":443\"; ma=2592000,h3-Q050=\":443\"; ma=2592000,h3-Q046=\":443\"; ma=2592000,h3-Q043=\":443\"; ma=2592000,quic=\":443\"; ma=2592000; v=\"46,43\"","accept-ranges":"none","transfer-encoding":"chunked"}
[debug] [2022-01-13T11:38:41.853Z] <<< HTTP RESPONSE BODY {"error":{"code":404,"message":"Instance `projects/shunjhin-20f67/instances/firestore-send-email` was not found.","status":"NOT_FOUND"}}
[info] Invalid instance ID. Instance ID must start with a lowercase letter, end with a lowercase letter or number, and only contain lowercase letters, numbers, or -
[info] Invalid instance ID. Instance ID must start with a lowercase letter, end with a lowercase letter or number, and only contain lowercase letters, numbers, or -
[info] Invalid instance ID. Instance ID must start with a lowercase letter, end with a lowercase letter or number, and only contain lowercase letters, numbers, or -
[debug] [2022-01-13T11:42:42.856Z] >>> HTTP REQUEST GET https://firebase.googleapis.com/v1beta1/projects/shunjhin-20f67/adminSdkConfig  
 
[debug] [2022-01-13T11:42:43.147Z] <<< HTTP RESPONSE 200 {"content-type":"application/json; charset=UTF-8","vary":"X-Origin, Referer, Origin,Accept-Encoding","date":"Thu, 13 Jan 2022 11:42:44 GMT","server":"ESF","cache-control":"private","x-xss-protection":"0","x-frame-options":"SAMEORIGIN","x-content-type-options":"nosniff","alt-svc":"h3=\":443\"; ma=2592000,h3-29=\":443\"; ma=2592000,h3-Q050=\":443\"; ma=2592000,h3-Q046=\":443\"; ma=2592000,h3-Q043=\":443\"; ma=2592000,quic=\":443\"; ma=2592000; v=\"46,43\"","accept-ranges":"none","transfer-encoding":"chunked"}
[debug] [2022-01-13T11:42:43.148Z] > refreshing access token with scopes: []
[debug] [2022-01-13T11:42:43.148Z] >>> HTTP REQUEST POST https://www.googleapis.com/oauth2/v3/token  
 <request body omitted>
[debug] [2022-01-13T11:42:43.255Z] <<< HTTP RESPONSE 200 {"pragma":"no-cache","cache-control":"no-cache, no-store, max-age=0, must-revalidate","expires":"Mon, 01 Jan 1990 00:00:00 GMT","date":"Thu, 13 Jan 2022 11:42:45 GMT","content-type":"application/json; charset=utf-8","vary":"X-Origin, Referer, Origin,Accept-Encoding","server":"scaffolding on HTTPServer2","x-xss-protection":"0","x-frame-options":"SAMEORIGIN","x-content-type-options":"nosniff","alt-svc":"h3=\":443\"; ma=2592000,h3-29=\":443\"; ma=2592000,h3-Q050=\":443\"; ma=2592000,h3-Q046=\":443\"; ma=2592000,h3-Q043=\":443\"; ma=2592000,quic=\":443\"; ma=2592000; v=\"46,43\"","accept-ranges":"none","transfer-encoding":"chunked"}
[debug] [2022-01-13T11:42:43.263Z] >>> [apiv2][query] GET https://firebase.googleapis.com/v1beta1/projects/shunjhin-20f67 [none]
[debug] [2022-01-13T11:42:43.550Z] <<< [apiv2][status] GET https://firebase.googleapis.com/v1beta1/projects/shunjhin-20f67 200
[debug] [2022-01-13T11:42:43.551Z] <<< [apiv2][body] GET https://firebase.googleapis.com/v1beta1/projects/shunjhin-20f67 {"projectId":"shunjhin-20f67","projectNumber":"409906518299","displayName":"SHUNJHIN","name":"projects/shunjhin-20f67","resources":{"hostingSite":"shunjhin-20f67","realtimeDatabaseInstance":"shunjhin-20f67-default-rtdb"},"state":"ACTIVE"}
[info] i  extensions: answer the questions below to configure your extension: 
[info] 
Cloud Functions location: Where do you want to deploy the functions created for this extension? You usually want a location close to your database. For help selecting a location, refer to the location selection guide (https://firebase.google.com/docs/functions/locations).
[info] 
SMTP connection URI: A URI representing an SMTP server this extension can use to deliver email. Note that port 25 is blocked by Google Cloud Platform, so we recommend using port 587 for SMTP connections. If you're using the SMTPS protocol, we recommend using port 465.
[warn] !  Invalid SMTP connection URI. Must be in the form `smtp(s)://username:password@hostname:port`. 
